\BOOKMARK [0][-]{chapter.1}{Introduction}{}% 1
\BOOKMARK [1][-]{section.1.1}{Problem Statement}{chapter.1}% 2
\BOOKMARK [1][-]{section.1.2}{Goals}{chapter.1}% 3
\BOOKMARK [1][-]{section.1.3}{Motivation \046 Value}{chapter.1}% 4
\BOOKMARK [1][-]{section.1.4}{Thesis Report Outline}{chapter.1}% 5
\BOOKMARK [0][-]{chapter.2}{Agile Development}{}% 6
\BOOKMARK [1][-]{section.2.1}{Abstraction \046 Components}{chapter.2}% 7
\BOOKMARK [1][-]{section.2.2}{The Agile Manifesto}{chapter.2}% 8
\BOOKMARK [1][-]{section.2.3}{The Agile Principles}{chapter.2}% 9
\BOOKMARK [1][-]{section.2.4}{Misconceptions}{chapter.2}% 10
\BOOKMARK [1][-]{section.2.5}{Agile vs Waterfall}{chapter.2}% 11
\BOOKMARK [1][-]{section.2.6}{Agile vs Lean}{chapter.2}% 12
\BOOKMARK [0][-]{chapter.3}{Agile Methodologies}{}% 13
\BOOKMARK [1][-]{section.3.1}{Scrum}{chapter.3}% 14
\BOOKMARK [1][-]{section.3.2}{Dynamic Systems Development Method \(DSDM\)}{chapter.3}% 15
\BOOKMARK [1][-]{section.3.3}{Extreme Programming \(XP\)}{chapter.3}% 16
\BOOKMARK [1][-]{section.3.4}{Crystal Clear}{chapter.3}% 17
\BOOKMARK [1][-]{section.3.5}{Kanban}{chapter.3}% 18
\BOOKMARK [0][-]{chapter.4}{Method}{}% 19
\BOOKMARK [1][-]{section.4.1}{Theoretical Evaluation of Methodologies}{chapter.4}% 20
\BOOKMARK [1][-]{section.4.2}{Practical Evaluation of Agile Project}{chapter.4}% 21
\BOOKMARK [0][-]{chapter.5}{Results}{}% 22
\BOOKMARK [1][-]{section.5.1}{Theoretical}{chapter.5}% 23
\BOOKMARK [1][-]{section.5.2}{Practical}{chapter.5}% 24
\BOOKMARK [0][-]{chapter.6}{Discussion}{}% 25
\BOOKMARK [1][-]{section.6.1}{Result Critique}{chapter.6}% 26
\BOOKMARK [1][-]{section.6.2}{Conclusions}{chapter.6}% 27
\BOOKMARK [1][-]{section.6.3}{Future Work}{chapter.6}% 28
\BOOKMARK [0][-]{chapter.7}{Glossary}{}% 29
\BOOKMARK [0][-]{chapter.8}{Acronyms}{}% 30
\BOOKMARK [0][-]{section*.26}{Appendices}{}% 31
\BOOKMARK [0][-]{appendix.A}{RDF}{}% 32
\BOOKMARK [0][-]{section*.28}{Bibliography}{}% 33
